Module:
    onebrc.00_native_DictReader.main_10
AvgExecTime:
    85.06736754700069
ExecTimes:
    82.97312632699686
    85.00084636500105
    85.05810876100077
    85.16443235900078
    85.21220045700102
    85.3941072230009
    85.4134855500015
    85.4167350280004
    85.46852610500355
    85.57210729500002

Module:
    onebrc.01_native_split.main_10
AvgExecTime:
    35.62867767150019
ExecTimes:
    35.33059985
    35.3820118069998
    35.39299879600003
    35.47497202899831
    35.47719909300213
    35.59220456500043
    35.70166405100099
    35.81097013600083
    35.944551115997456
    36.179605272001936

Module:
    onebrc.02_native_read_text.main_10
AvgExecTime:
    41.248077518200446
ExecTimes:
    39.65834965600152
    39.8901677089998
    39.912354757001594
    39.93108991199915
    40.11633505399732
    40.344419389002724
    40.39858289499898
    40.655242509001255
    45.47602832600023
    46.09820497500186
