Module:
    onebrc.03_pandas.main_10
AvgExecTime:
    21.52964363609981
ExecTimes:
    21.176481798999703
    21.443403284999476
    21.46184397399975
    21.463664212000367
    21.47854409000047
    21.479191067999636
    21.484901625999555
    21.50502167800005
    21.515560147999167
    22.287824480999916

Module:
    onebrc.03_pandas_pyarrow.main_10
AvgExecTime:
    8.348748203100058
ExecTimes:
    8.274630687999888
    8.276121365000108
    8.281501718000072
    8.298266777000208
    8.308916210999996
    8.30915088599977
    8.314608203000716
    8.316693165999823
    8.357955878000212
    8.749637138999788
