Module:
    onebrc.03_pandas
AvgExecTime:
    23.991
ExecTimes:
    23.66083913300099
    23.764859605998936
    23.882343946999754
    23.976441139999224
    24.01420775600127
    24.05523371399977
    24.059330578998924
    24.093217734000064
    24.119315591000486
    24.279330303999814

Module:
    onebrc.03_pandas_pyarrow
AvgExecTime:
    8.608
ExecTimes:
    8.525724351999088
    8.57117191799989
    8.572760552000545
    8.572825839999496
    8.577011936999043
    8.582496020999315
    8.59692235699913
    8.62608763299977
    8.713052999000865
    8.73986382700059
