Module:
    onebrc.06_polars_read_csv.main_10
AvgExecTime:
    4.826704211300148
ExecTimes:
    4.511484452999866
    4.58518827700027
    4.650148372999865
    4.764363852000315
    4.7938530600004015
    4.819664200000261
    4.913888971999768
    5.023038899000312
    5.030239073000303
    5.175172954000118

Module:
    onebrc.06_polars_scan_csv.main_10
AvgExecTime:
    4.872990020199905
ExecTimes:
    4.75014467300025
    4.795393395999781
    4.8152436559994385
    4.8198896489993786
    4.837687338999785
    4.8708242749999044
    4.907528953999645
    4.956693144000383
    4.963068968000698
    5.01342614799978

Module:
    onebrc.06_polars_scan_csv_streaming.main_10
AvgExecTime:
    2.9723517919000186
ExecTimes:
    2.9126522189999378
    2.963599853999767
    2.9676852659995347
    2.971247131000382
    2.97794069199972
    2.981037909999941
    2.981356574000529
    2.9819226489998982
    2.9874448000000484
    2.998630824000429
