Module:
    onebrc.07_duckdb.main_10
AvgExecTime:
    2.304
ExecTimes:
    2.279717053999775
    2.286779160000151
    2.2911884659988573
    2.2919131480011856
    2.3102501959947404
    2.3112259330009692
    2.316236259001016
    2.316957356000785
    2.316997968002397
    2.317054437000479

Module:
    onebrc.07_duckdb_parallel.main_10
AvgExecTime:
    2.558
ExecTimes:
    2.2127289380005095
    2.2257715169980656
    2.5549302579966024
    2.646700327997678
    2.6482827579966397
    2.655252409997047
    2.656950042997778
    2.6577823640036513
    2.658429805000196
    2.6615057490053005

