Module:
    onebrc.04_dask.main_10
AvgExecTime:
    17.089776023899866
ExecTimes:
    16.877896168000007
    16.887408691998644
    16.933428799000467
    16.945766106999145
    16.975093480001306
    16.99733667200053
    17.011946025000725
    17.071670219000225
    17.16383784199934
    18.033376234998286

Module:
    onebrc.04_dask_pyarrow.main_10
AvgExecTime:
    7.454429598199567
ExecTimes:
    7.307680029000039
    7.386011983999197
    7.390232031999403
    7.3918997590008075
    7.449413085998458
    7.453753884999969
    7.484262140000283
    7.48927330999868
    7.5083744669991574
    7.68339528999968

