Module:
    onebrc.04_dask.main_10
AvgExecTime:
    17.696868978899694
ExecTimes:
    17.47148579399982
    17.51032463699994
    17.523476242999095
    17.597029770999143
    17.627846954999768
    17.635676370999136
    17.636234584000704
    17.6689719040005
    17.767837587998656
    18.529805942000166

Module:
    onebrc.04_dask_pyarrow.main_10
AvgExecTime:
    7.473762322799485
ExecTimes:
    7.3749367500004155
    7.397653580999759
    7.429315039998983
    7.433564308999848
    7.4388944349993835
    7.45834141999876
    7.485408627999277
    7.49070203500014
    7.508665532999657
    7.720141496998622
