Module:
    onebrc.00_native_DictReader.main_10
AvgExecTime:
    103.5024992948
ExecTimes:
    102.3868136369997
    102.96276138100029
    103.05353055700016
    103.14556998300031
    103.277638174
    103.3838143529997
    103.42901446399992
    103.89973648499972
    104.60857840800008
    104.87753550600019

Module:
    onebrc.01_native_split.main_10
AvgExecTime:
    40.46400032099996
ExecTimes:
    39.60431826000013
    39.66585523100002
    40.27621574499972
    40.3438046350002
    40.40453089499988
    40.58368608699993
    40.743396243999996
    40.88578129200005
    41.04642222599978
    41.08599259499988

Module:
    onebrc.02_native_read_text.main_10
AvgExecTime:
    43.94906078919994
ExecTimes:
    43.526688826999816
    43.69930386899978
    43.760284707999745
    43.813830813000095
    43.99795532600001
    44.02909070899932
    44.10566575700068
    44.14939331000005
    44.15483838399996
    44.25355618899994

