Module:
    onebrc.00_native_DictReader_no_gc.main_10
AvgExecTime:
    85.17166503239996
ExecTimes:
    83.53195884199977
    84.69023672299954
    84.85116430200014
    84.87194431300031
    84.96811760800028
    85.33107277599993
    85.3749434350002
    85.69323403999988
    85.8680086659997
    86.53596961899984

Module:
    onebrc.01_native_split_no_gc.main_10
AvgExecTime:
    35.18999621999983
ExecTimes:
    34.88992130799943
    34.91911422500016
    34.93801758099926
    35.04991397199956
    35.12914272099988
    35.143717496000136
    35.196080870000515
    35.39176414099984
    35.59353336999993
    35.648756515999594

Module:
    onebrc.02_native_read_text_no_gc.main_10
AvgExecTime:
    38.91942286019994
ExecTimes:
    38.59923632399932
    38.64152800000011
    38.72389739099981
    38.77396981600032
    38.837550331000784
    38.88958570300019
    38.97403957499955
    39.19778632899943
    39.239270521000435
    39.31736461199944

