Module:
    onebrc.06_polars_read_csv.main_10
AvgExecTime:
    4.870001049000075
ExecTimes:
    4.599164601000666
    4.757983250000507
    4.761946851000175
    4.810561856000277
    4.843357240999467
    4.868112496000322
    4.929444622999654
    4.971818472999985
    5.030493627000396
    5.127127471999302

Module:
    onebrc.06_polars_scan_csv.main_10
AvgExecTime:
    5.101037274500049
ExecTimes:
    5.032756371000687
    5.039829085999372
    5.054378646000259
    5.056147854000301
    5.099626825999621
    5.1005946750001385
    5.111134099999617
    5.151757801000713
    5.166190994999852
    5.197956390999934

Module:
    onebrc.06_polars_scan_csv_streaming.main_10
AvgExecTime:
    2.9765750913000373
ExecTimes:
    2.914564347999658
    2.9661107800002355
    2.9703688029994737
    2.9777997649998724
    2.9800934280001457
    2.9831693360001736
    2.9858668340002623
    2.987407120000171
    2.9973272110000835
    3.003043288000299

