Module:
    onebrc.07_duckdb.main_10
AvgExecTime:
    2.2371692372002143
ExecTimes:
    2.2153760260007402
    2.220342384000105
    2.222716685000705
    2.2266446619996714
    2.228983318000246
    2.237134730999969
    2.239873478998561
    2.2400952400003007
    2.2442778060012643
    2.296248041000581

Module:
    onebrc.07_duckdb_parallel.main_10
AvgExecTime:
    2.5806502976003687
ExecTimes:
    2.221498523998889
    2.2347205050009507
    2.2523203670007206
    2.6357262220008124
    2.715964534001614
    2.7329773040000873
    2.736214734000896
    2.7428815980001673
    2.7523366599998553
    2.7818625279996922

